2026-05-21 17:12:23,065 INFO [omni9.host] Omni9 host starting on 127.0.0.1:8000 workers=1 reload=False
2026-05-21 17:12:23,066 INFO [omni9.host] Environment files: C:\Users\system16\Desktop\omni_ai\api\.env
2026-05-21 17:12:23,067 INFO [omni9.host] Logs: C:\Users\system16\Desktop\omni_ai\api\server\logs
2026-05-21 17:12:24,319 INFO [uvicorn.error] Started server process [20652]
2026-05-21 17:12:24,319 INFO [uvicorn.error] Waiting for application startup.
2026-05-21 17:12:24,320 INFO [omni9.api] Starting Omni9 API in development mode
2026-05-21 17:12:24,320 INFO [uvicorn.error] Application startup complete.
2026-05-21 17:12:24,323 INFO [uvicorn.error] Uvicorn running on http://127.0.0.1:8000 (Press CTRL+C to quit)
2026-05-21 17:12:52,243 INFO [omni9.api] GET /health -> 200 2.3ms
2026-05-21 17:12:52,271 INFO [omni9.api] GET /v1/app/bootstrap -> 200 9.7ms
2026-05-21 17:12:52,287 INFO [omni9.api] GET /v1/sites/main_site/machines -> 200 1.2ms
2026-05-21 17:12:52,302 INFO [omni9.api] GET /v1/sites/main_site/alerts -> 200 0.9ms
2026-05-21 17:12:52,327 INFO [omni9.api] GET /v1/sites/main_site/actions -> 200 0.8ms
2026-05-21 17:12:52,341 INFO [omni9.api] GET /v1/sites/main_site/impact -> 200 0.8ms
2026-05-21 17:12:53,248 INFO [omni9.api] GET /v1/storage/health -> 200 881.3ms
2026-05-21 17:12:54,358 INFO [omni9.api] GET /v1/ai/web/instances -> 200 1087.8ms
2026-05-21 17:12:59,430 INFO [omni9.api] POST /v1/ai/appliance-profile -> 200 5048.2ms
2026-05-21 17:12:59,680 INFO [omni9.api] POST /v1/sites/main_site/machines/local-smoke-test/commands/identify -> 200 229.8ms
2026-05-21 17:12:59,695 INFO [omni9.api] OPTIONS /v1/app/bootstrap -> 400 0.2ms
2026-05-21 17:13:19,375 INFO [omni9.api] GET /health -> 200 0.8ms
2026-05-21 17:13:19,397 INFO [omni9.api] GET /v1/app/bootstrap -> 200 0.6ms
2026-05-21 17:13:19,428 INFO [omni9.api] GET /v1/sites/main_site/machines -> 200 0.7ms
2026-05-21 17:13:20,027 INFO [omni9.api] GET /v1/storage/health -> 200 580.7ms
2026-05-21 17:13:41,982 INFO [omni9.api] GET /v1/app/bootstrap -> 200 1.1ms
2026-05-21 17:13:41,989 INFO [omni9.api] GET /v1/sites/main_site/machines -> 200 0.6ms
2026-05-21 17:13:42,023 INFO [omni9.api] GET /v1/sites/main_site/actions -> 200 0.8ms
2026-05-21 17:13:42,032 INFO [omni9.api] GET /v1/sites/main_site/impact -> 200 1.1ms
2026-05-21 17:13:42,033 INFO [omni9.api] GET /v1/sites/main_site/alerts -> 200 2.0ms
2026-05-21 17:13:44,976 INFO [omni9.api] GET /v1/app/bootstrap -> 200 0.8ms
2026-05-21 17:13:44,982 INFO [omni9.api] GET /v1/sites/main_site/machines -> 200 0.6ms
2026-05-21 17:13:45,287 INFO [omni9.api] GET /v1/sites/main_site/impact -> 200 2.4ms
2026-05-21 17:13:45,288 INFO [omni9.api] GET /v1/sites/main_site/alerts -> 200 2.8ms
2026-05-21 17:13:45,289 INFO [omni9.api] GET /v1/sites/main_site/actions -> 200 3.0ms
2026-05-21 17:13:48,281 INFO [omni9.api] GET /v1/app/bootstrap -> 200 0.9ms
2026-05-21 17:13:48,531 INFO [omni9.api] GET /v1/sites/main_site/machines -> 200 1.4ms
2026-05-21 17:13:48,611 INFO [omni9.api] GET /v1/sites/main_site/alerts -> 200 0.8ms
2026-05-21 17:13:48,612 INFO [omni9.api] GET /v1/sites/main_site/impact -> 200 1.8ms
2026-05-21 17:13:48,613 INFO [omni9.api] GET /v1/sites/main_site/actions -> 200 3.1ms
2026-05-21 17:13:50,977 INFO [omni9.api] GET /v1/app/bootstrap -> 200 0.8ms
2026-05-21 17:13:51,296 INFO [omni9.api] GET /v1/sites/main_site/machines -> 200 10.5ms
2026-05-21 17:13:51,296 INFO [omni9.api] GET /v1/sites/main_site/actions -> 200 12.0ms
2026-05-21 17:13:51,304 INFO [omni9.api] GET /v1/sites/main_site/impact -> 200 14.2ms
2026-05-21 17:13:51,305 INFO [omni9.api] GET /v1/sites/main_site/alerts -> 200 15.4ms
2026-05-21 17:13:53,977 INFO [omni9.api] GET /v1/app/bootstrap -> 200 0.8ms
2026-05-21 17:13:54,294 INFO [omni9.api] GET /v1/sites/main_site/actions -> 200 4.2ms
2026-05-21 17:13:54,299 INFO [omni9.api] GET /v1/sites/main_site/machines -> 200 9.4ms
2026-05-21 17:13:54,299 INFO [omni9.api] GET /v1/sites/main_site/alerts -> 200 9.7ms
2026-05-21 17:13:54,302 INFO [omni9.api] GET /v1/sites/main_site/impact -> 200 12.0ms
2026-05-21 17:13:56,977 INFO [omni9.api] GET /v1/app/bootstrap -> 200 0.8ms
2026-05-21 17:13:57,292 INFO [omni9.api] GET /v1/sites/main_site/alerts -> 200 1.4ms
2026-05-21 17:13:57,300 INFO [omni9.api] GET /v1/sites/main_site/actions -> 200 10.3ms
2026-05-21 17:13:57,301 INFO [omni9.api] GET /v1/sites/main_site/machines -> 200 12.1ms
2026-05-21 17:13:57,302 INFO [omni9.api] GET /v1/sites/main_site/impact -> 200 11.9ms
2026-05-21 17:13:59,975 INFO [omni9.api] GET /v1/app/bootstrap -> 200 0.7ms
2026-05-21 17:14:00,293 INFO [omni9.api] GET /v1/sites/main_site/machines -> 200 2.4ms
2026-05-21 17:14:00,295 INFO [omni9.api] GET /v1/sites/main_site/impact -> 200 3.0ms
2026-05-21 17:14:00,295 INFO [omni9.api] GET /v1/sites/main_site/actions -> 200 4.1ms
2026-05-21 17:14:00,296 INFO [omni9.api] GET /v1/sites/main_site/alerts -> 200 4.0ms
2026-05-21 17:14:02,976 INFO [omni9.api] GET /v1/app/bootstrap -> 200 0.9ms
2026-05-21 17:14:03,294 INFO [omni9.api] GET /v1/sites/main_site/alerts -> 200 1.6ms
2026-05-21 17:14:03,295 INFO [omni9.api] GET /v1/sites/main_site/machines -> 200 3.8ms
2026-05-21 17:14:03,297 INFO [omni9.api] GET /v1/sites/main_site/impact -> 200 4.3ms
2026-05-21 17:14:03,298 INFO [omni9.api] GET /v1/sites/main_site/actions -> 200 5.6ms
2026-05-21 17:14:05,976 INFO [omni9.api] GET /v1/app/bootstrap -> 200 0.8ms
2026-05-21 17:14:06,293 INFO [omni9.api] GET /v1/sites/main_site/alerts -> 200 1.3ms
2026-05-21 17:14:06,294 INFO [omni9.api] GET /v1/sites/main_site/machines -> 200 3.3ms
2026-05-21 17:14:06,294 INFO [omni9.api] GET /v1/sites/main_site/impact -> 200 3.3ms
2026-05-21 17:14:06,295 INFO [omni9.api] GET /v1/sites/main_site/actions -> 200 4.7ms
2026-05-21 17:14:08,976 INFO [omni9.api] GET /v1/app/bootstrap -> 200 0.7ms
2026-05-21 17:14:09,297 INFO [omni9.api] GET /v1/sites/main_site/machines -> 200 2.0ms
2026-05-21 17:14:09,300 INFO [omni9.api] GET /v1/sites/main_site/impact -> 200 5.1ms
2026-05-21 17:14:09,301 INFO [omni9.api] GET /v1/sites/main_site/alerts -> 200 6.1ms
2026-05-21 17:14:09,305 INFO [omni9.api] GET /v1/sites/main_site/actions -> 200 10.9ms
2026-05-21 17:14:11,976 INFO [omni9.api] GET /v1/app/bootstrap -> 200 0.9ms
2026-05-21 17:14:12,293 INFO [omni9.api] GET /v1/sites/main_site/alerts -> 200 1.5ms
2026-05-21 17:14:12,294 INFO [omni9.api] GET /v1/sites/main_site/actions -> 200 2.5ms
2026-05-21 17:14:12,295 INFO [omni9.api] GET /v1/sites/main_site/impact -> 200 3.4ms
2026-05-21 17:14:12,295 INFO [omni9.api] GET /v1/sites/main_site/machines -> 200 4.8ms
2026-05-21 17:14:13,735 INFO [omni9.api] POST /v1/sites/main_site/machines/local-mqtt-check/commands/identify -> 200 339.2ms
2026-05-21 17:14:14,977 INFO [omni9.api] GET /v1/app/bootstrap -> 200 0.9ms
2026-05-21 17:14:15,291 INFO [omni9.api] GET /v1/sites/main_site/alerts -> 200 1.2ms
2026-05-21 17:14:15,292 INFO [omni9.api] GET /v1/sites/main_site/impact -> 200 3.0ms
2026-05-21 17:14:15,293 INFO [omni9.api] GET /v1/sites/main_site/actions -> 200 4.2ms
2026-05-21 17:14:15,294 INFO [omni9.api] GET /v1/sites/main_site/machines -> 200 5.6ms
2026-05-21 17:14:17,975 INFO [omni9.api] GET /v1/app/bootstrap -> 200 0.9ms
2026-05-21 17:14:18,291 INFO [omni9.api] GET /v1/sites/main_site/alerts -> 200 1.4ms
2026-05-21 17:14:18,292 INFO [omni9.api] GET /v1/sites/main_site/impact -> 200 3.0ms
2026-05-21 17:14:18,293 INFO [omni9.api] GET /v1/sites/main_site/machines -> 200 4.3ms
2026-05-21 17:14:18,293 INFO [omni9.api] GET /v1/sites/main_site/actions -> 200 4.5ms
2026-05-21 17:14:20,975 INFO [omni9.api] GET /v1/app/bootstrap -> 200 0.8ms
2026-05-21 17:14:21,286 INFO [omni9.api] GET /v1/sites/main_site/machines -> 200 2.4ms
2026-05-21 17:14:21,290 INFO [omni9.api] GET /v1/sites/main_site/actions -> 200 4.4ms
2026-05-21 17:14:21,291 INFO [omni9.api] GET /v1/sites/main_site/impact -> 200 5.2ms
2026-05-21 17:14:21,292 INFO [omni9.api] GET /v1/sites/main_site/alerts -> 200 6.1ms
2026-05-21 17:14:23,976 INFO [omni9.api] GET /v1/app/bootstrap -> 200 0.7ms
2026-05-21 17:14:24,293 INFO [omni9.api] GET /v1/sites/main_site/actions -> 200 2.1ms
2026-05-21 17:14:24,294 INFO [omni9.api] GET /v1/sites/main_site/impact -> 200 2.8ms
2026-05-21 17:14:24,295 INFO [omni9.api] GET /v1/sites/main_site/machines -> 200 4.3ms
2026-05-21 17:14:24,295 INFO [omni9.api] GET /v1/sites/main_site/alerts -> 200 4.0ms
2026-05-21 17:14:26,976 INFO [omni9.api] GET /v1/app/bootstrap -> 200 0.7ms
2026-05-21 17:14:27,289 INFO [omni9.api] GET /v1/sites/main_site/alerts -> 200 1.3ms
2026-05-21 17:14:27,291 INFO [omni9.api] GET /v1/sites/main_site/impact -> 200 3.2ms
2026-05-21 17:14:27,292 INFO [omni9.api] GET /v1/sites/main_site/machines -> 200 4.7ms
2026-05-21 17:14:27,292 INFO [omni9.api] GET /v1/sites/main_site/actions -> 200 4.7ms
2026-05-21 17:14:29,976 INFO [omni9.api] GET /v1/app/bootstrap -> 200 0.8ms
2026-05-21 17:14:30,296 INFO [omni9.api] GET /v1/sites/main_site/alerts -> 200 1.4ms
2026-05-21 17:14:30,297 INFO [omni9.api] GET /v1/sites/main_site/impact -> 200 2.8ms
2026-05-21 17:14:30,298 INFO [omni9.api] GET /v1/sites/main_site/actions -> 200 4.4ms
2026-05-21 17:14:30,299 INFO [omni9.api] GET /v1/sites/main_site/machines -> 200 5.3ms
2026-05-21 17:14:32,976 INFO [omni9.api] GET /v1/app/bootstrap -> 200 0.9ms
2026-05-21 17:14:33,287 INFO [omni9.api] GET /v1/sites/main_site/machines -> 200 2.3ms
2026-05-21 17:14:33,287 INFO [omni9.api] GET /v1/sites/main_site/actions -> 200 3.3ms
2026-05-21 17:14:33,291 INFO [omni9.api] GET /v1/sites/main_site/alerts -> 200 3.8ms
2026-05-21 17:14:33,292 INFO [omni9.api] GET /v1/sites/main_site/impact -> 200 4.8ms
2026-05-21 17:14:35,975 INFO [omni9.api] GET /v1/app/bootstrap -> 200 0.9ms
2026-05-21 17:14:36,290 INFO [omni9.api] GET /v1/sites/main_site/actions -> 200 1.7ms
2026-05-21 17:14:36,291 INFO [omni9.api] GET /v1/sites/main_site/impact -> 200 2.8ms
2026-05-21 17:14:36,292 INFO [omni9.api] GET /v1/sites/main_site/alerts -> 200 3.2ms
2026-05-21 17:14:36,293 INFO [omni9.api] GET /v1/sites/main_site/machines -> 200 5.5ms
2026-05-21 17:14:38,975 INFO [omni9.api] GET /v1/app/bootstrap -> 200 0.9ms
2026-05-21 17:14:39,287 INFO [omni9.api] GET /v1/sites/main_site/alerts -> 200 1.1ms
2026-05-21 17:14:39,288 INFO [omni9.api] GET /v1/sites/main_site/impact -> 200 2.5ms
2026-05-21 17:14:39,289 INFO [omni9.api] GET /v1/sites/main_site/actions -> 200 3.6ms
2026-05-21 17:14:39,290 INFO [omni9.api] GET /v1/sites/main_site/machines -> 200 4.7ms
2026-05-21 17:14:41,974 INFO [omni9.api] GET /v1/app/bootstrap -> 200 0.8ms
2026-05-21 17:14:42,312 INFO [omni9.api] GET /v1/sites/main_site/alerts -> 200 1.5ms
2026-05-21 17:14:42,313 INFO [omni9.api] GET /v1/sites/main_site/actions -> 200 3.4ms
2026-05-21 17:14:42,314 INFO [omni9.api] GET /v1/sites/main_site/impact -> 200 3.7ms
2026-05-21 17:14:42,315 INFO [omni9.api] GET /v1/sites/main_site/machines -> 200 5.4ms
2026-05-21 17:14:44,976 INFO [omni9.api] GET /v1/app/bootstrap -> 200 0.7ms
2026-05-21 17:14:45,288 INFO [omni9.api] GET /v1/sites/main_site/machines -> 200 2.9ms
2026-05-21 17:14:45,289 INFO [omni9.api] GET /v1/sites/main_site/alerts -> 200 3.3ms
2026-05-21 17:14:45,290 INFO [omni9.api] GET /v1/sites/main_site/actions -> 200 3.5ms
2026-05-21 17:14:45,292 INFO [omni9.api] GET /v1/sites/main_site/impact -> 200 5.2ms
2026-05-21 17:14:47,975 INFO [omni9.api] GET /v1/app/bootstrap -> 200 0.6ms
2026-05-21 17:14:48,287 INFO [omni9.api] GET /v1/sites/main_site/alerts -> 200 1.3ms
2026-05-21 17:14:48,288 INFO [omni9.api] GET /v1/sites/main_site/actions -> 200 2.4ms
2026-05-21 17:14:48,289 INFO [omni9.api] GET /v1/sites/main_site/impact -> 200 3.3ms
2026-05-21 17:14:48,290 INFO [omni9.api] GET /v1/sites/main_site/machines -> 200 5.0ms
2026-05-21 17:14:50,975 INFO [omni9.api] GET /v1/app/bootstrap -> 200 0.8ms
2026-05-21 17:14:51,282 INFO [omni9.api] GET /v1/sites/main_site/machines -> 200 1.1ms
2026-05-21 17:14:51,286 INFO [omni9.api] GET /v1/sites/main_site/actions -> 200 1.5ms
2026-05-21 17:14:51,287 INFO [omni9.api] GET /v1/sites/main_site/alerts -> 200 1.9ms
2026-05-21 17:14:51,288 INFO [omni9.api] GET /v1/sites/main_site/impact -> 200 3.6ms
2026-05-21 17:14:53,975 INFO [omni9.api] GET /v1/app/bootstrap -> 200 1.0ms
2026-05-21 17:14:54,288 INFO [omni9.api] GET /v1/sites/main_site/actions -> 200 2.4ms
2026-05-21 17:14:54,290 INFO [omni9.api] GET /v1/sites/main_site/machines -> 200 4.9ms
2026-05-21 17:14:54,291 INFO [omni9.api] GET /v1/sites/main_site/impact -> 200 4.4ms
2026-05-21 17:14:54,292 INFO [omni9.api] GET /v1/sites/main_site/alerts -> 200 5.2ms
2026-05-21 17:14:56,976 INFO [omni9.api] GET /v1/app/bootstrap -> 200 0.9ms
2026-05-21 17:14:57,289 INFO [omni9.api] GET /v1/sites/main_site/alerts -> 200 1.4ms
2026-05-21 17:14:57,290 INFO [omni9.api] GET /v1/sites/main_site/actions -> 200 2.5ms
2026-05-21 17:14:57,291 INFO [omni9.api] GET /v1/sites/main_site/impact -> 200 3.2ms
2026-05-21 17:14:57,292 INFO [omni9.api] GET /v1/sites/main_site/machines -> 200 4.8ms
2026-05-21 17:14:59,068 INFO [omni9.host] Omni9 host starting on 127.0.0.1:8001 workers=1 reload=False
2026-05-21 17:14:59,069 INFO [omni9.host] Environment files: C:\Users\system16\Desktop\omni_ai\api\.env
2026-05-21 17:14:59,069 INFO [omni9.host] Logs: C:\Users\system16\Desktop\omni_ai\api\server\logs
2026-05-21 17:14:59,977 INFO [omni9.api] GET /v1/app/bootstrap -> 200 0.9ms
2026-05-21 17:15:00,258 INFO [uvicorn.error] Started server process [13648]
2026-05-21 17:15:00,258 INFO [uvicorn.error] Waiting for application startup.
2026-05-21 17:15:00,259 INFO [omni9.api] Starting Omni9 API in development mode
2026-05-21 17:15:00,297 INFO [omni9.api] GET /v1/sites/main_site/alerts -> 200 1.4ms
2026-05-21 17:15:00,298 INFO [omni9.api] GET /v1/sites/main_site/machines -> 200 3.3ms
2026-05-21 17:15:00,298 INFO [omni9.api] GET /v1/sites/main_site/actions -> 200 4.0ms
2026-05-21 17:15:00,300 INFO [omni9.api] GET /v1/sites/main_site/impact -> 200 4.7ms
2026-05-21 17:15:00,540 INFO [omni9.mqtt] MQTT ingest connected and subscribed via {'host': 'mosquitto.taxsomega.com', 'port': 443, 'transport': 'tcp', 'tls': True, 'baseTopic': 'omni9', 'usernameConfigured': True, 'passwordConfigured': False}
2026-05-21 17:15:00,541 INFO [uvicorn.error] Application startup complete.
2026-05-21 17:15:00,541 INFO [uvicorn.error] Uvicorn running on http://127.0.0.1:8001 (Press CTRL+C to quit)
2026-05-21 17:15:02,976 INFO [omni9.api] GET /v1/app/bootstrap -> 200 0.7ms
2026-05-21 17:15:03,284 INFO [omni9.api] GET /v1/sites/main_site/machines -> 200 1.3ms
2026-05-21 17:15:03,287 INFO [omni9.api] GET /v1/sites/main_site/impact -> 200 1.5ms
2026-05-21 17:15:03,288 INFO [omni9.api] GET /v1/sites/main_site/actions -> 200 2.6ms
2026-05-21 17:15:03,289 INFO [omni9.api] GET /v1/sites/main_site/alerts -> 200 2.7ms
2026-05-21 17:15:05,975 INFO [omni9.api] GET /v1/app/bootstrap -> 200 0.8ms
2026-05-21 17:15:06,291 INFO [omni9.api] GET /v1/sites/main_site/alerts -> 200 1.5ms
2026-05-21 17:15:06,292 INFO [omni9.api] GET /v1/sites/main_site/machines -> 200 3.2ms
2026-05-21 17:15:06,293 INFO [omni9.api] GET /v1/sites/main_site/impact -> 200 3.3ms
2026-05-21 17:15:06,293 INFO [omni9.api] GET /v1/sites/main_site/actions -> 200 4.4ms
2026-05-21 17:15:08,976 INFO [omni9.api] GET /v1/app/bootstrap -> 200 0.6ms
2026-05-21 17:15:09,292 INFO [omni9.api] GET /v1/sites/main_site/impact -> 200 2.8ms
2026-05-21 17:15:09,295 INFO [omni9.api] GET /v1/sites/main_site/alerts -> 200 4.3ms
2026-05-21 17:15:09,296 INFO [omni9.api] GET /v1/sites/main_site/machines -> 200 6.0ms
2026-05-21 17:15:09,297 INFO [omni9.api] GET /v1/sites/main_site/actions -> 200 6.7ms
2026-05-21 17:15:12,079 INFO [omni9.api] GET /v1/app/bootstrap -> 200 1.1ms
2026-05-21 17:15:12,389 INFO [omni9.api] GET /v1/sites/main_site/machines -> 200 2.0ms
2026-05-21 17:15:12,391 INFO [omni9.api] GET /v1/sites/main_site/actions -> 200 3.5ms
2026-05-21 17:15:12,393 INFO [omni9.api] GET /v1/sites/main_site/impact -> 200 3.8ms
2026-05-21 17:15:12,394 INFO [omni9.api] GET /v1/sites/main_site/alerts -> 200 4.6ms
2026-05-21 17:15:14,979 INFO [omni9.api] GET /v1/app/bootstrap -> 200 0.9ms
2026-05-21 17:15:15,292 INFO [omni9.api] GET /v1/sites/main_site/alerts -> 200 1.2ms
2026-05-21 17:15:15,293 INFO [omni9.api] GET /v1/sites/main_site/machines -> 200 3.1ms
2026-05-21 17:15:15,294 INFO [omni9.api] GET /v1/sites/main_site/impact -> 200 3.3ms
2026-05-21 17:15:15,295 INFO [omni9.api] GET /v1/sites/main_site/actions -> 200 4.2ms
2026-05-21 17:15:17,975 INFO [omni9.api] GET /v1/app/bootstrap -> 200 0.9ms
2026-05-21 17:15:18,288 INFO [omni9.api] GET /v1/sites/main_site/alerts -> 200 1.3ms
2026-05-21 17:15:18,289 INFO [omni9.api] GET /v1/sites/main_site/actions -> 200 2.4ms
2026-05-21 17:15:18,290 INFO [omni9.api] GET /v1/sites/main_site/impact -> 200 3.2ms
2026-05-21 17:15:18,291 INFO [omni9.api] GET /v1/sites/main_site/machines -> 200 4.8ms
2026-05-21 17:15:20,976 INFO [omni9.api] GET /v1/app/bootstrap -> 200 0.8ms
2026-05-21 17:15:21,295 INFO [omni9.api] GET /v1/sites/main_site/alerts -> 200 1.3ms
2026-05-21 17:15:21,296 INFO [omni9.api] GET /v1/sites/main_site/impact -> 200 2.7ms
2026-05-21 17:15:21,297 INFO [omni9.api] GET /v1/sites/main_site/machines -> 200 3.8ms
2026-05-21 17:15:21,298 INFO [omni9.api] GET /v1/sites/main_site/actions -> 200 4.9ms
2026-05-21 17:15:23,975 INFO [omni9.api] GET /v1/app/bootstrap -> 200 0.8ms
2026-05-21 17:15:24,292 INFO [omni9.api] GET /v1/sites/main_site/alerts -> 200 2.0ms
2026-05-21 17:15:24,292 INFO [omni9.api] GET /v1/sites/main_site/actions -> 200 3.2ms
2026-05-21 17:15:24,292 INFO [omni9.api] GET /v1/sites/main_site/machines -> 200 4.9ms
2026-05-21 17:15:24,295 INFO [omni9.api] GET /v1/sites/main_site/impact -> 200 5.0ms
2026-05-21 17:15:26,975 INFO [omni9.api] GET /v1/app/bootstrap -> 200 0.7ms
2026-05-21 17:15:27,290 INFO [omni9.api] GET /v1/sites/main_site/alerts -> 200 1.1ms
2026-05-21 17:15:27,291 INFO [omni9.api] GET /v1/sites/main_site/impact -> 200 2.5ms
2026-05-21 17:15:27,292 INFO [omni9.api] GET /v1/sites/main_site/actions -> 200 3.3ms
2026-05-21 17:15:27,293 INFO [omni9.api] GET /v1/sites/main_site/machines -> 200 4.6ms
2026-05-21 17:15:29,975 INFO [omni9.api] GET /v1/app/bootstrap -> 200 0.9ms
2026-05-21 17:15:30,286 INFO [omni9.api] GET /v1/sites/main_site/machines -> 200 2.2ms
2026-05-21 17:15:30,290 INFO [omni9.api] GET /v1/sites/main_site/actions -> 200 1.0ms
2026-05-21 17:15:30,292 INFO [omni9.api] GET /v1/sites/main_site/impact -> 200 2.5ms
2026-05-21 17:15:30,293 INFO [omni9.api] GET /v1/sites/main_site/alerts -> 200 2.0ms
2026-05-21 17:15:32,976 INFO [omni9.api] GET /v1/app/bootstrap -> 200 0.8ms
2026-05-21 17:15:33,292 INFO [omni9.api] GET /v1/sites/main_site/machines -> 200 2.0ms
2026-05-21 17:15:33,293 INFO [omni9.api] GET /v1/sites/main_site/impact -> 200 2.8ms
2026-05-21 17:15:33,294 INFO [omni9.api] GET /v1/sites/main_site/actions -> 200 3.8ms
2026-05-21 17:15:33,295 INFO [omni9.api] GET /v1/sites/main_site/alerts -> 200 4.1ms
2026-05-21 17:15:35,975 INFO [omni9.api] GET /v1/app/bootstrap -> 200 0.8ms
2026-05-21 17:15:36,291 INFO [omni9.api] GET /v1/sites/main_site/alerts -> 200 1.9ms
2026-05-21 17:15:36,292 INFO [omni9.api] GET /v1/sites/main_site/machines -> 200 3.8ms
2026-05-21 17:15:36,293 INFO [omni9.api] GET /v1/sites/main_site/impact -> 200 3.8ms
2026-05-21 17:15:36,294 INFO [omni9.api] GET /v1/sites/main_site/actions -> 200 5.3ms
2026-05-21 17:15:38,975 INFO [omni9.api] GET /v1/app/bootstrap -> 200 0.8ms
2026-05-21 17:15:39,298 INFO [omni9.api] GET /v1/sites/main_site/alerts -> 200 1.3ms
2026-05-21 17:15:39,299 INFO [omni9.api] GET /v1/sites/main_site/impact -> 200 2.8ms
2026-05-21 17:15:39,300 INFO [omni9.api] GET /v1/sites/main_site/actions -> 200 4.0ms
2026-05-21 17:15:39,302 INFO [omni9.api] GET /v1/sites/main_site/machines -> 200 5.7ms
2026-05-21 17:15:41,975 INFO [omni9.api] GET /v1/app/bootstrap -> 200 0.6ms
2026-05-21 17:15:42,292 INFO [omni9.api] GET /v1/sites/main_site/alerts -> 200 2.0ms
2026-05-21 17:15:42,294 INFO [omni9.api] GET /v1/sites/main_site/actions -> 200 3.6ms
2026-05-21 17:15:42,295 INFO [omni9.api] GET /v1/sites/main_site/impact -> 200 4.4ms
2026-05-21 17:15:42,295 INFO [omni9.api] GET /v1/sites/main_site/machines -> 200 5.9ms
2026-05-21 17:15:44,975 INFO [omni9.api] GET /v1/app/bootstrap -> 200 0.6ms
2026-05-21 17:15:45,287 INFO [omni9.api] GET /v1/sites/main_site/alerts -> 200 1.1ms
2026-05-21 17:15:45,288 INFO [omni9.api] GET /v1/sites/main_site/impact -> 200 2.4ms
2026-05-21 17:15:45,289 INFO [omni9.api] GET /v1/sites/main_site/machines -> 200 3.9ms
2026-05-21 17:15:45,289 INFO [omni9.api] GET /v1/sites/main_site/actions -> 200 4.2ms
2026-05-21 17:15:47,980 INFO [omni9.api] GET /v1/app/bootstrap -> 200 0.9ms
2026-05-21 17:15:48,298 INFO [omni9.api] GET /v1/sites/main_site/machines -> 200 2.0ms
2026-05-21 17:15:48,299 INFO [omni9.api] GET /v1/sites/main_site/actions -> 200 2.8ms
2026-05-21 17:15:48,302 INFO [omni9.api] GET /v1/sites/main_site/impact -> 200 1.3ms
2026-05-21 17:15:48,334 INFO [omni9.api] GET /v1/sites/main_site/alerts -> 200 33.3ms
2026-05-21 17:15:50,975 INFO [omni9.api] GET /v1/app/bootstrap -> 200 1.0ms
2026-05-21 17:15:51,290 INFO [omni9.api] GET /v1/sites/main_site/alerts -> 200 1.5ms
2026-05-21 17:15:51,291 INFO [omni9.api] GET /v1/sites/main_site/machines -> 200 3.8ms
2026-05-21 17:15:51,292 INFO [omni9.api] GET /v1/sites/main_site/impact -> 200 3.8ms
2026-05-21 17:15:51,293 INFO [omni9.api] GET /v1/sites/main_site/actions -> 200 5.7ms
2026-05-21 17:15:53,975 INFO [omni9.api] GET /v1/app/bootstrap -> 200 0.7ms
2026-05-21 17:15:54,288 INFO [omni9.api] GET /v1/sites/main_site/alerts -> 200 1.7ms
2026-05-21 17:15:54,289 INFO [omni9.api] GET /v1/sites/main_site/actions -> 200 2.9ms
2026-05-21 17:15:54,290 INFO [omni9.api] GET /v1/sites/main_site/impact -> 200 3.7ms
2026-05-21 17:15:54,291 INFO [omni9.api] GET /v1/sites/main_site/machines -> 200 5.2ms
2026-05-21 17:15:56,974 INFO [omni9.api] GET /v1/app/bootstrap -> 200 0.8ms
2026-05-21 17:15:57,349 INFO [omni9.api] GET /v1/sites/main_site/machines -> 200 1.9ms
2026-05-21 17:15:57,351 INFO [omni9.api] GET /v1/sites/main_site/alerts -> 200 4.7ms
2026-05-21 17:15:57,351 INFO [omni9.api] GET /v1/sites/main_site/actions -> 200 4.1ms
2026-05-21 17:15:57,353 INFO [omni9.api] GET /v1/sites/main_site/impact -> 200 6.2ms
2026-05-21 17:15:59,975 INFO [omni9.api] GET /v1/app/bootstrap -> 200 0.8ms
2026-05-21 17:16:00,289 INFO [omni9.api] GET /v1/sites/main_site/machines -> 200 1.1ms
2026-05-21 17:16:00,290 INFO [omni9.api] GET /v1/sites/main_site/alerts -> 200 2.5ms
2026-05-21 17:16:00,291 INFO [omni9.api] GET /v1/sites/main_site/impact -> 200 3.5ms
2026-05-21 17:16:00,292 INFO [omni9.api] GET /v1/sites/main_site/actions -> 200 4.9ms
2026-05-21 17:16:02,976 INFO [omni9.api] GET /v1/app/bootstrap -> 200 0.7ms
2026-05-21 17:16:03,286 INFO [omni9.api] GET /v1/sites/main_site/machines -> 200 1.5ms
2026-05-21 17:16:03,288 INFO [omni9.api] GET /v1/sites/main_site/alerts -> 200 3.0ms
2026-05-21 17:16:03,289 INFO [omni9.api] GET /v1/sites/main_site/impact -> 200 3.3ms
2026-05-21 17:16:03,290 INFO [omni9.api] GET /v1/sites/main_site/actions -> 200 4.3ms
2026-05-21 17:16:05,975 INFO [omni9.api] GET /v1/app/bootstrap -> 200 0.7ms
2026-05-21 17:16:06,287 INFO [omni9.api] GET /v1/sites/main_site/impact -> 200 1.7ms
2026-05-21 17:16:06,289 INFO [omni9.api] GET /v1/sites/main_site/machines -> 200 3.6ms
2026-05-21 17:16:06,290 INFO [omni9.api] GET /v1/sites/main_site/alerts -> 200 3.8ms
2026-05-21 17:16:06,291 INFO [omni9.api] GET /v1/sites/main_site/actions -> 200 5.7ms
2026-05-21 17:16:08,975 INFO [omni9.api] GET /v1/app/bootstrap -> 200 0.8ms
2026-05-21 17:16:09,288 INFO [omni9.api] GET /v1/sites/main_site/alerts -> 200 1.7ms
2026-05-21 17:16:09,289 INFO [omni9.api] GET /v1/sites/main_site/actions -> 200 2.9ms
2026-05-21 17:16:09,290 INFO [omni9.api] GET /v1/sites/main_site/impact -> 200 3.6ms
2026-05-21 17:16:09,291 INFO [omni9.api] GET /v1/sites/main_site/machines -> 200 5.7ms
2026-05-21 17:16:11,976 INFO [omni9.api] GET /v1/app/bootstrap -> 200 0.8ms
2026-05-21 17:16:12,288 INFO [omni9.api] GET /v1/sites/main_site/alerts -> 200 1.3ms
2026-05-21 17:16:12,289 INFO [omni9.api] GET /v1/sites/main_site/machines -> 200 3.3ms
2026-05-21 17:16:12,290 INFO [omni9.api] GET /v1/sites/main_site/impact -> 200 3.3ms
2026-05-21 17:16:12,291 INFO [omni9.api] GET /v1/sites/main_site/actions -> 200 4.6ms
2026-05-21 17:16:14,974 INFO [omni9.api] GET /v1/app/bootstrap -> 200 0.9ms
2026-05-21 17:16:15,287 INFO [omni9.api] GET /v1/sites/main_site/machines -> 200 2.6ms
2026-05-21 17:16:15,289 INFO [omni9.api] GET /v1/sites/main_site/actions -> 200 3.7ms
2026-05-21 17:16:15,290 INFO [omni9.api] GET /v1/sites/main_site/alerts -> 200 4.4ms
2026-05-21 17:16:15,291 INFO [omni9.api] GET /v1/sites/main_site/impact -> 200 5.3ms
2026-05-21 17:16:17,975 INFO [omni9.api] GET /v1/app/bootstrap -> 200 0.7ms
2026-05-21 17:16:18,287 INFO [omni9.api] GET /v1/sites/main_site/machines -> 200 2.6ms
2026-05-21 17:16:18,288 INFO [omni9.api] GET /v1/sites/main_site/impact -> 200 2.9ms
2026-05-21 17:16:18,289 INFO [omni9.api] GET /v1/sites/main_site/alerts -> 200 3.6ms
2026-05-21 17:16:18,289 INFO [omni9.api] GET /v1/sites/main_site/actions -> 200 4.9ms
2026-05-21 17:16:20,974 INFO [omni9.api] GET /v1/app/bootstrap -> 200 0.8ms
2026-05-21 17:16:21,286 INFO [omni9.api] GET /v1/sites/main_site/alerts -> 200 1.6ms
2026-05-21 17:16:21,287 INFO [omni9.api] GET /v1/sites/main_site/actions -> 200 2.7ms
2026-05-21 17:16:21,288 INFO [omni9.api] GET /v1/sites/main_site/impact -> 200 3.4ms
2026-05-21 17:16:21,289 INFO [omni9.api] GET /v1/sites/main_site/machines -> 200 4.9ms
2026-05-21 17:16:23,981 INFO [omni9.api] GET /v1/app/bootstrap -> 200 6.1ms
2026-05-21 17:16:24,296 INFO [omni9.api] GET /v1/sites/main_site/alerts -> 200 1.5ms
2026-05-21 17:16:24,297 INFO [omni9.api] GET /v1/sites/main_site/actions -> 200 2.8ms
2026-05-21 17:16:24,298 INFO [omni9.api] GET /v1/sites/main_site/impact -> 200 3.6ms
2026-05-21 17:16:24,298 INFO [omni9.api] GET /v1/sites/main_site/machines -> 200 5.1ms
2026-05-21 17:16:26,975 INFO [omni9.api] GET /v1/app/bootstrap -> 200 0.9ms
2026-05-21 17:16:27,292 INFO [omni9.api] GET /v1/sites/main_site/alerts -> 200 1.1ms
2026-05-21 17:16:27,293 INFO [omni9.api] GET /v1/sites/main_site/impact -> 200 2.4ms
2026-05-21 17:16:27,294 INFO [omni9.api] GET /v1/sites/main_site/machines -> 200 3.7ms
2026-05-21 17:16:27,295 INFO [omni9.api] GET /v1/sites/main_site/actions -> 200 4.0ms
2026-05-21 17:16:29,975 INFO [omni9.api] GET /v1/app/bootstrap -> 200 0.7ms
2026-05-21 17:16:30,288 INFO [omni9.api] GET /v1/sites/main_site/alerts -> 200 2.2ms
2026-05-21 17:16:30,290 INFO [omni9.api] GET /v1/sites/main_site/machines -> 200 3.4ms
2026-05-21 17:16:30,291 INFO [omni9.api] GET /v1/sites/main_site/actions -> 200 4.2ms
2026-05-21 17:16:30,292 INFO [omni9.api] GET /v1/sites/main_site/impact -> 200 4.5ms
2026-05-21 17:16:32,976 INFO [omni9.api] GET /v1/app/bootstrap -> 200 0.8ms
2026-05-21 17:16:33,289 INFO [omni9.api] GET /v1/sites/main_site/alerts -> 200 1.6ms
2026-05-21 17:16:33,290 INFO [omni9.api] GET /v1/sites/main_site/actions -> 200 2.9ms
2026-05-21 17:16:33,291 INFO [omni9.api] GET /v1/sites/main_site/impact -> 200 3.7ms
2026-05-21 17:16:33,292 INFO [omni9.api] GET /v1/sites/main_site/machines -> 200 4.9ms
2026-05-21 17:16:35,974 INFO [omni9.api] GET /v1/app/bootstrap -> 200 0.8ms
2026-05-21 17:16:36,426 INFO [omni9.api] GET /v1/sites/main_site/alerts -> 200 1.9ms
2026-05-21 17:16:36,427 INFO [omni9.api] GET /v1/sites/main_site/actions -> 200 3.3ms
2026-05-21 17:16:36,428 INFO [omni9.api] GET /v1/sites/main_site/impact -> 200 4.3ms
2026-05-21 17:16:36,429 INFO [omni9.api] GET /v1/sites/main_site/machines -> 200 5.9ms
2026-05-21 17:16:38,974 INFO [omni9.api] GET /v1/app/bootstrap -> 200 0.9ms
2026-05-21 17:16:39,300 INFO [omni9.api] GET /v1/sites/main_site/alerts -> 200 1.8ms
2026-05-21 17:16:39,301 INFO [omni9.api] GET /v1/sites/main_site/actions -> 200 3.0ms
2026-05-21 17:16:39,302 INFO [omni9.api] GET /v1/sites/main_site/impact -> 200 3.8ms
2026-05-21 17:16:39,303 INFO [omni9.api] GET /v1/sites/main_site/machines -> 200 5.3ms
2026-05-21 17:16:41,976 INFO [omni9.api] GET /v1/app/bootstrap -> 200 0.8ms
2026-05-21 17:16:42,293 INFO [omni9.api] GET /v1/sites/main_site/machines -> 200 5.3ms
2026-05-21 17:16:42,297 INFO [omni9.api] GET /v1/sites/main_site/impact -> 200 7.9ms
2026-05-21 17:16:42,297 INFO [omni9.api] GET /v1/sites/main_site/actions -> 200 9.2ms
2026-05-21 17:16:42,301 INFO [omni9.api] GET /v1/sites/main_site/alerts -> 200 11.5ms
2026-05-21 17:16:44,976 INFO [omni9.api] GET /v1/app/bootstrap -> 200 1.0ms
2026-05-21 17:16:45,291 INFO [omni9.api] GET /v1/sites/main_site/alerts -> 200 1.5ms
2026-05-21 17:16:45,292 INFO [omni9.api] GET /v1/sites/main_site/machines -> 200 3.5ms
2026-05-21 17:16:45,293 INFO [omni9.api] GET /v1/sites/main_site/impact -> 200 3.6ms
2026-05-21 17:16:45,294 INFO [omni9.api] GET /v1/sites/main_site/actions -> 200 5.1ms
2026-05-21 17:16:47,976 INFO [omni9.api] GET /v1/app/bootstrap -> 200 0.9ms
2026-05-21 17:16:48,290 INFO [omni9.api] GET /v1/sites/main_site/alerts -> 200 1.1ms
2026-05-21 17:16:48,291 INFO [omni9.api] GET /v1/sites/main_site/impact -> 200 2.7ms
2026-05-21 17:16:48,292 INFO [omni9.api] GET /v1/sites/main_site/machines -> 200 4.0ms
2026-05-21 17:16:48,292 INFO [omni9.api] GET /v1/sites/main_site/actions -> 200 4.3ms
2026-05-21 17:16:50,977 INFO [omni9.api] GET /v1/app/bootstrap -> 200 0.9ms
2026-05-21 17:16:51,292 INFO [omni9.api] GET /v1/sites/main_site/machines -> 200 3.5ms
2026-05-21 17:16:51,298 INFO [omni9.api] GET /v1/sites/main_site/alerts -> 200 8.6ms
2026-05-21 17:16:51,299 INFO [omni9.api] GET /v1/sites/main_site/actions -> 200 10.0ms
2026-05-21 17:16:51,300 INFO [omni9.api] GET /v1/sites/main_site/impact -> 200 10.7ms
2026-05-21 17:16:53,974 INFO [omni9.api] GET /v1/app/bootstrap -> 200 0.8ms
2026-05-21 17:16:54,288 INFO [omni9.api] GET /v1/sites/main_site/actions -> 200 2.3ms
2026-05-21 17:16:54,289 INFO [omni9.api] GET /v1/sites/main_site/machines -> 200 4.0ms
2026-05-21 17:16:54,296 INFO [omni9.api] GET /v1/sites/main_site/impact -> 200 10.3ms
2026-05-21 17:16:54,297 INFO [omni9.api] GET /v1/sites/main_site/alerts -> 200 11.2ms
2026-05-21 17:16:56,976 INFO [omni9.api] GET /v1/app/bootstrap -> 200 0.8ms
2026-05-21 17:16:57,288 INFO [omni9.api] GET /v1/sites/main_site/impact -> 200 1.5ms
2026-05-21 17:16:57,299 INFO [omni9.api] GET /v1/sites/main_site/alerts -> 200 13.6ms
2026-05-21 17:16:57,301 INFO [omni9.api] GET /v1/sites/main_site/actions -> 200 14.1ms
2026-05-21 17:16:57,302 INFO [omni9.api] GET /v1/sites/main_site/machines -> 200 15.5ms
2026-05-21 17:16:59,977 INFO [omni9.api] GET /v1/app/bootstrap -> 200 0.8ms
2026-05-21 17:17:00,291 INFO [omni9.api] GET /v1/sites/main_site/impact -> 200 2.4ms
2026-05-21 17:17:00,295 INFO [omni9.api] GET /v1/sites/main_site/machines -> 200 7.2ms
2026-05-21 17:17:00,296 INFO [omni9.api] GET /v1/sites/main_site/actions -> 200 7.9ms
2026-05-21 17:17:00,297 INFO [omni9.api] GET /v1/sites/main_site/alerts -> 200 8.9ms
2026-05-21 17:17:02,976 INFO [omni9.api] GET /v1/app/bootstrap -> 200 0.9ms
2026-05-21 17:17:03,286 INFO [omni9.api] GET /v1/sites/main_site/machines -> 200 1.4ms
2026-05-21 17:17:03,289 INFO [omni9.api] GET /v1/sites/main_site/actions -> 200 3.5ms
2026-05-21 17:17:03,290 INFO [omni9.api] GET /v1/sites/main_site/impact -> 200 4.2ms
2026-05-21 17:17:03,291 INFO [omni9.api] GET /v1/sites/main_site/alerts -> 200 5.0ms
2026-05-21 17:17:05,975 INFO [omni9.api] GET /v1/app/bootstrap -> 200 0.9ms
2026-05-21 17:17:06,287 INFO [omni9.api] GET /v1/sites/main_site/alerts -> 200 1.5ms
2026-05-21 17:17:06,289 INFO [omni9.api] GET /v1/sites/main_site/actions -> 200 2.8ms
2026-05-21 17:17:06,295 INFO [omni9.api] GET /v1/sites/main_site/impact -> 200 8.7ms
2026-05-21 17:17:06,296 INFO [omni9.api] GET /v1/sites/main_site/machines -> 200 10.6ms
2026-05-21 17:17:08,977 INFO [omni9.api] GET /v1/app/bootstrap -> 200 0.8ms
2026-05-21 17:17:09,287 INFO [omni9.api] GET /v1/sites/main_site/machines -> 200 2.8ms
2026-05-21 17:17:09,290 INFO [omni9.api] GET /v1/sites/main_site/actions -> 200 3.6ms
2026-05-21 17:17:09,295 INFO [omni9.api] GET /v1/sites/main_site/impact -> 200 8.4ms
2026-05-21 17:17:09,295 INFO [omni9.api] GET /v1/sites/main_site/alerts -> 200 9.9ms
2026-05-21 17:17:11,975 INFO [omni9.api] GET /v1/app/bootstrap -> 200 0.9ms
2026-05-21 17:17:12,286 INFO [omni9.api] GET /v1/sites/main_site/actions -> 200 2.0ms
2026-05-21 17:17:12,287 INFO [omni9.api] GET /v1/sites/main_site/machines -> 200 3.7ms
2026-05-21 17:17:12,288 INFO [omni9.api] GET /v1/sites/main_site/impact -> 200 3.7ms
2026-05-21 17:17:12,289 INFO [omni9.api] GET /v1/sites/main_site/alerts -> 200 4.2ms
2026-05-21 17:17:14,976 INFO [omni9.api] GET /v1/app/bootstrap -> 200 1.0ms
2026-05-21 17:17:15,290 INFO [omni9.api] GET /v1/sites/main_site/alerts -> 200 1.5ms
2026-05-21 17:17:15,299 INFO [omni9.api] GET /v1/sites/main_site/actions -> 200 10.3ms
2026-05-21 17:17:15,300 INFO [omni9.api] GET /v1/sites/main_site/impact -> 200 12.1ms
2026-05-21 17:17:15,301 INFO [omni9.api] GET /v1/sites/main_site/machines -> 200 12.5ms
2026-05-21 17:17:17,977 INFO [omni9.api] GET /v1/app/bootstrap -> 200 0.8ms
2026-05-21 17:17:18,292 INFO [omni9.api] GET /v1/sites/main_site/alerts -> 200 1.5ms
2026-05-21 17:17:18,295 INFO [omni9.api] GET /v1/sites/main_site/impact -> 200 5.4ms
2026-05-21 17:17:18,300 INFO [omni9.api] GET /v1/sites/main_site/machines -> 200 10.1ms
2026-05-21 17:17:18,301 INFO [omni9.api] GET /v1/sites/main_site/actions -> 200 10.3ms
2026-05-21 17:17:20,977 INFO [omni9.api] GET /v1/app/bootstrap -> 200 0.8ms
2026-05-21 17:17:21,300 INFO [omni9.api] GET /v1/sites/main_site/machines -> 200 1.8ms
2026-05-21 17:17:21,303 INFO [omni9.api] GET /v1/sites/main_site/alerts -> 200 2.9ms
2026-05-21 17:17:21,304 INFO [omni9.api] GET /v1/sites/main_site/impact -> 200 3.8ms
2026-05-21 17:17:21,305 INFO [omni9.api] GET /v1/sites/main_site/actions -> 200 5.2ms
2026-05-21 17:17:23,979 INFO [omni9.api] GET /v1/app/bootstrap -> 200 0.9ms
2026-05-21 17:17:24,291 INFO [omni9.api] GET /v1/sites/main_site/actions -> 200 2.0ms
2026-05-21 17:17:24,293 INFO [omni9.api] GET /v1/sites/main_site/impact -> 200 3.2ms
2026-05-21 17:17:24,298 INFO [omni9.api] GET /v1/sites/main_site/alerts -> 200 8.7ms
2026-05-21 17:17:24,299 INFO [omni9.api] GET /v1/sites/main_site/machines -> 200 10.8ms
2026-05-21 17:17:26,976 INFO [omni9.api] GET /v1/app/bootstrap -> 200 0.9ms
2026-05-21 17:17:27,294 INFO [omni9.api] GET /v1/sites/main_site/actions -> 200 7.5ms
2026-05-21 17:17:27,295 INFO [omni9.api] GET /v1/sites/main_site/machines -> 200 9.2ms
2026-05-21 17:17:27,297 INFO [omni9.api] GET /v1/sites/main_site/impact -> 200 10.1ms
2026-05-21 17:17:27,299 INFO [omni9.api] GET /v1/sites/main_site/alerts -> 200 2.0ms
2026-05-21 17:17:29,976 INFO [omni9.api] GET /v1/app/bootstrap -> 200 1.2ms
2026-05-21 17:17:30,286 INFO [omni9.api] GET /v1/sites/main_site/machines -> 200 1.7ms
2026-05-21 17:17:30,305 INFO [omni9.api] GET /v1/sites/main_site/alerts -> 200 12.5ms
2026-05-21 17:17:30,306 INFO [omni9.api] GET /v1/sites/main_site/actions -> 200 13.3ms
2026-05-21 17:17:30,307 INFO [omni9.api] GET /v1/sites/main_site/impact -> 200 8.2ms
2026-05-21 17:17:32,976 INFO [omni9.api] GET /v1/app/bootstrap -> 200 1.0ms
2026-05-21 17:17:33,302 INFO [omni9.api] GET /v1/sites/main_site/alerts -> 200 1.7ms
2026-05-21 17:17:33,303 INFO [omni9.api] GET /v1/sites/main_site/actions -> 200 2.9ms
2026-05-21 17:17:33,304 INFO [omni9.api] GET /v1/sites/main_site/impact -> 200 3.6ms
2026-05-21 17:17:33,304 INFO [omni9.api] GET /v1/sites/main_site/machines -> 200 5.0ms
2026-05-21 17:17:35,982 INFO [omni9.api] GET /v1/app/bootstrap -> 200 1.0ms
2026-05-21 17:17:36,306 INFO [omni9.api] GET /v1/sites/main_site/alerts -> 200 1.5ms
2026-05-21 17:17:36,307 INFO [omni9.api] GET /v1/sites/main_site/impact -> 200 3.1ms
2026-05-21 17:17:36,308 INFO [omni9.api] GET /v1/sites/main_site/machines -> 200 4.5ms
2026-05-21 17:17:36,308 INFO [omni9.api] GET /v1/sites/main_site/actions -> 200 4.6ms
2026-05-21 17:17:38,975 INFO [omni9.api] GET /v1/app/bootstrap -> 200 1.0ms
2026-05-21 17:17:39,287 INFO [omni9.api] GET /v1/sites/main_site/alerts -> 200 1.4ms
2026-05-21 17:17:39,288 INFO [omni9.api] GET /v1/sites/main_site/impact -> 200 2.7ms
2026-05-21 17:17:39,288 INFO [omni9.api] GET /v1/sites/main_site/actions -> 200 3.8ms
2026-05-21 17:17:39,289 INFO [omni9.api] GET /v1/sites/main_site/machines -> 200 5.0ms
2026-05-21 17:17:41,976 INFO [omni9.api] GET /v1/app/bootstrap -> 200 0.8ms
2026-05-21 17:17:42,285 INFO [omni9.api] GET /v1/sites/main_site/machines -> 200 1.3ms
2026-05-21 17:17:42,286 INFO [omni9.api] GET /v1/app/bootstrap -> 200 3.0ms
2026-05-21 17:17:42,290 INFO [omni9.api] GET /v1/sites/main_site/impact -> 200 2.5ms
2026-05-21 17:17:42,295 INFO [omni9.api] GET /v1/sites/main_site/actions -> 200 7.1ms
2026-05-21 17:17:42,296 INFO [omni9.api] GET /v1/sites/main_site/alerts -> 200 7.9ms
2026-05-21 17:17:42,607 INFO [omni9.api] GET /v1/sites/main_site/actions -> 200 2.6ms
2026-05-21 17:17:42,608 INFO [omni9.api] GET /v1/sites/main_site/impact -> 200 3.8ms
2026-05-21 17:17:42,609 INFO [omni9.api] GET /v1/sites/main_site/machines -> 200 4.5ms
2026-05-21 17:17:42,611 INFO [omni9.api] GET /v1/sites/main_site/alerts -> 200 3.5ms
2026-05-21 17:17:45,277 INFO [omni9.api] GET /v1/app/bootstrap -> 200 0.8ms
2026-05-21 17:17:45,532 INFO [omni9.api] GET /v1/sites/main_site/machines -> 200 3.0ms
2026-05-21 17:17:45,588 INFO [omni9.api] GET /v1/sites/main_site/alerts -> 200 1.0ms
2026-05-21 17:17:45,589 INFO [omni9.api] GET /v1/sites/main_site/impact -> 200 2.3ms
2026-05-21 17:17:45,590 INFO [omni9.api] GET /v1/sites/main_site/actions -> 200 3.7ms
2026-05-21 17:17:47,975 INFO [omni9.api] GET /v1/app/bootstrap -> 200 0.6ms
2026-05-21 17:17:48,288 INFO [omni9.api] GET /v1/sites/main_site/machines -> 200 2.5ms
2026-05-21 17:17:48,289 INFO [omni9.api] GET /v1/sites/main_site/actions -> 200 3.8ms
2026-05-21 17:17:48,290 INFO [omni9.api] GET /v1/sites/main_site/impact -> 200 4.0ms
2026-05-21 17:17:48,291 INFO [omni9.api] GET /v1/sites/main_site/alerts -> 200 4.3ms
2026-05-21 17:17:50,977 INFO [omni9.api] GET /v1/app/bootstrap -> 200 0.7ms
2026-05-21 17:17:51,288 INFO [omni9.api] GET /v1/sites/main_site/machines -> 200 2.6ms
2026-05-21 17:17:51,290 INFO [omni9.api] GET /v1/sites/main_site/impact -> 200 3.1ms
2026-05-21 17:17:51,291 INFO [omni9.api] GET /v1/sites/main_site/actions -> 200 4.2ms
2026-05-21 17:17:51,291 INFO [omni9.api] GET /v1/sites/main_site/alerts -> 200 4.7ms
2026-05-21 17:17:53,975 INFO [omni9.api] GET /v1/app/bootstrap -> 200 0.7ms
2026-05-21 17:17:54,288 INFO [omni9.api] GET /v1/sites/main_site/alerts -> 200 1.5ms
2026-05-21 17:17:54,289 INFO [omni9.api] GET /v1/sites/main_site/impact -> 200 3.2ms
2026-05-21 17:17:54,296 INFO [omni9.api] GET /v1/sites/main_site/machines -> 200 10.8ms
2026-05-21 17:17:54,296 INFO [omni9.api] GET /v1/sites/main_site/actions -> 200 11.5ms
2026-05-21 17:17:57,018 INFO [omni9.api] GET /v1/app/bootstrap -> 200 0.9ms
2026-05-21 17:17:57,345 INFO [omni9.api] GET /v1/sites/main_site/alerts -> 200 6.9ms
2026-05-21 17:17:57,349 INFO [omni9.api] GET /v1/sites/main_site/machines -> 200 12.1ms
2026-05-21 17:17:57,350 INFO [omni9.api] GET /v1/sites/main_site/actions -> 200 12.7ms
2026-05-21 17:17:57,351 INFO [omni9.api] GET /v1/sites/main_site/impact -> 200 13.2ms
2026-05-21 17:17:59,978 INFO [omni9.api] GET /v1/app/bootstrap -> 200 1.4ms
2026-05-21 17:18:00,291 INFO [omni9.api] GET /v1/sites/main_site/machines -> 200 1.4ms
2026-05-21 17:18:00,302 INFO [omni9.api] GET /v1/sites/main_site/actions -> 200 2.0ms
2026-05-21 17:18:00,302 INFO [omni9.api] GET /v1/sites/main_site/alerts -> 200 2.0ms
2026-05-21 17:18:00,305 INFO [omni9.api] GET /v1/sites/main_site/impact -> 200 5.1ms
2026-05-21 17:18:02,976 INFO [omni9.api] GET /v1/app/bootstrap -> 200 0.8ms
2026-05-21 17:18:03,286 INFO [omni9.api] GET /v1/sites/main_site/machines -> 200 1.0ms
2026-05-21 17:18:03,291 INFO [omni9.api] GET /v1/sites/main_site/actions -> 200 1.3ms
2026-05-21 17:18:03,307 INFO [omni9.api] GET /v1/sites/main_site/impact -> 200 16.9ms
2026-05-21 17:18:03,310 INFO [omni9.api] GET /v1/sites/main_site/alerts -> 200 2.9ms
2026-05-21 17:18:05,975 INFO [omni9.api] GET /v1/app/bootstrap -> 200 0.9ms
2026-05-21 17:18:06,290 INFO [omni9.api] GET /v1/sites/main_site/machines -> 200 1.3ms
2026-05-21 17:18:06,291 INFO [omni9.api] GET /v1/sites/main_site/actions -> 200 4.3ms
2026-05-21 17:18:06,297 INFO [omni9.api] GET /v1/sites/main_site/impact -> 200 9.8ms
2026-05-21 17:18:06,301 INFO [omni9.api] GET /v1/sites/main_site/alerts -> 200 13.2ms
2026-05-21 17:18:08,976 INFO [omni9.api] GET /v1/app/bootstrap -> 200 0.8ms
2026-05-21 17:18:09,287 INFO [omni9.api] GET /v1/sites/main_site/alerts -> 200 1.7ms
2026-05-21 17:18:09,294 INFO [omni9.api] GET /v1/sites/main_site/machines -> 200 8.9ms
2026-05-21 17:18:09,295 INFO [omni9.api] GET /v1/sites/main_site/impact -> 200 9.0ms
2026-05-21 17:18:09,296 INFO [omni9.api] GET /v1/sites/main_site/actions -> 200 10.0ms
2026-05-21 17:18:11,980 INFO [omni9.api] GET /v1/app/bootstrap -> 200 1.0ms
2026-05-21 17:18:12,294 INFO [omni9.api] GET /v1/sites/main_site/impact -> 200 3.3ms
2026-05-21 17:18:12,297 INFO [omni9.api] GET /v1/sites/main_site/alerts -> 200 4.5ms
2026-05-21 17:18:12,297 INFO [omni9.api] GET /v1/sites/main_site/machines -> 200 5.6ms
2026-05-21 17:18:12,298 INFO [omni9.api] GET /v1/sites/main_site/actions -> 200 6.8ms
2026-05-21 17:18:14,976 INFO [omni9.api] GET /v1/app/bootstrap -> 200 0.8ms
2026-05-21 17:18:15,289 INFO [omni9.api] GET /v1/sites/main_site/machines -> 200 3.2ms
2026-05-21 17:18:15,291 INFO [omni9.api] GET /v1/sites/main_site/actions -> 200 4.1ms
2026-05-21 17:18:15,292 INFO [omni9.api] GET /v1/sites/main_site/impact -> 200 5.0ms
2026-05-21 17:18:15,293 INFO [omni9.api] GET /v1/sites/main_site/alerts -> 200 5.5ms
2026-05-21 17:18:17,974 INFO [omni9.api] GET /v1/app/bootstrap -> 200 0.7ms
2026-05-21 17:18:18,287 INFO [omni9.api] GET /v1/sites/main_site/alerts -> 200 1.5ms
2026-05-21 17:18:18,289 INFO [omni9.api] GET /v1/sites/main_site/actions -> 200 3.0ms
2026-05-21 17:18:18,289 INFO [omni9.api] GET /v1/sites/main_site/impact -> 200 3.5ms
2026-05-21 17:18:18,290 INFO [omni9.api] GET /v1/sites/main_site/machines -> 200 5.1ms
2026-05-21 17:18:20,975 INFO [omni9.api] GET /v1/app/bootstrap -> 200 0.7ms
2026-05-21 17:18:21,287 INFO [omni9.api] GET /v1/sites/main_site/alerts -> 200 1.6ms
2026-05-21 17:18:21,288 INFO [omni9.api] GET /v1/sites/main_site/actions -> 200 2.8ms
2026-05-21 17:18:21,289 INFO [omni9.api] GET /v1/sites/main_site/impact -> 200 3.7ms
2026-05-21 17:18:21,289 INFO [omni9.api] GET /v1/sites/main_site/machines -> 200 4.8ms
2026-05-21 17:18:23,975 INFO [omni9.api] GET /v1/app/bootstrap -> 200 0.9ms
2026-05-21 17:18:24,286 INFO [omni9.api] GET /v1/sites/main_site/machines -> 200 2.0ms
2026-05-21 17:18:24,288 INFO [omni9.api] GET /v1/sites/main_site/actions -> 200 3.0ms
2026-05-21 17:18:24,290 INFO [omni9.api] GET /v1/sites/main_site/impact -> 200 0.8ms
2026-05-21 17:18:24,292 INFO [omni9.api] GET /v1/sites/main_site/alerts -> 200 0.7ms
2026-05-21 17:18:26,974 INFO [omni9.api] GET /v1/app/bootstrap -> 200 0.6ms
2026-05-21 17:18:27,286 INFO [omni9.api] GET /v1/sites/main_site/actions -> 200 1.7ms
2026-05-21 17:18:27,287 INFO [omni9.api] GET /v1/sites/main_site/impact -> 200 2.8ms
2026-05-21 17:18:27,288 INFO [omni9.api] GET /v1/sites/main_site/alerts -> 200 3.1ms
2026-05-21 17:18:27,289 INFO [omni9.api] GET /v1/sites/main_site/machines -> 200 5.3ms
2026-05-21 17:18:29,975 INFO [omni9.api] GET /v1/app/bootstrap -> 200 0.9ms
2026-05-21 17:18:30,288 INFO [omni9.api] GET /v1/sites/main_site/impact -> 200 2.2ms
2026-05-21 17:18:30,289 INFO [omni9.api] GET /v1/sites/main_site/machines -> 200 4.0ms
2026-05-21 17:18:30,290 INFO [omni9.api] GET /v1/sites/main_site/actions -> 200 4.3ms
2026-05-21 17:18:30,291 INFO [omni9.api] GET /v1/sites/main_site/alerts -> 200 4.4ms
2026-05-21 17:18:32,974 INFO [omni9.api] GET /v1/app/bootstrap -> 200 0.7ms
2026-05-21 17:18:33,292 INFO [omni9.api] GET /v1/sites/main_site/alerts -> 200 1.2ms
2026-05-21 17:18:33,293 INFO [omni9.api] GET /v1/sites/main_site/impact -> 200 2.6ms
2026-05-21 17:18:33,294 INFO [omni9.api] GET /v1/sites/main_site/machines -> 200 4.1ms
2026-05-21 17:18:33,294 INFO [omni9.api] GET /v1/sites/main_site/actions -> 200 4.3ms
2026-05-21 17:18:35,982 INFO [omni9.api] GET /v1/app/bootstrap -> 200 0.9ms
2026-05-21 17:18:36,294 INFO [omni9.api] GET /v1/sites/main_site/alerts -> 200 1.4ms
2026-05-21 17:18:36,296 INFO [omni9.api] GET /v1/sites/main_site/impact -> 200 2.7ms
2026-05-21 17:18:36,296 INFO [omni9.api] GET /v1/sites/main_site/machines -> 200 3.9ms
2026-05-21 17:18:36,296 INFO [omni9.api] GET /v1/sites/main_site/actions -> 200 4.2ms
2026-05-21 17:18:38,975 INFO [omni9.api] GET /v1/app/bootstrap -> 200 0.7ms
2026-05-21 17:18:39,288 INFO [omni9.api] GET /v1/sites/main_site/alerts -> 200 1.3ms
2026-05-21 17:18:39,289 INFO [omni9.api] GET /v1/sites/main_site/machines -> 200 3.4ms
2026-05-21 17:18:39,290 INFO [omni9.api] GET /v1/sites/main_site/impact -> 200 3.5ms
2026-05-21 17:18:39,291 INFO [omni9.api] GET /v1/sites/main_site/actions -> 200 4.3ms
2026-05-21 17:18:41,976 INFO [omni9.api] GET /v1/app/bootstrap -> 200 1.0ms
2026-05-21 17:18:42,340 INFO [omni9.api] GET /v1/sites/main_site/actions -> 200 1.6ms
2026-05-21 17:18:42,341 INFO [omni9.api] GET /v1/sites/main_site/alerts -> 200 3.3ms
2026-05-21 17:18:42,342 INFO [omni9.api] GET /v1/sites/main_site/machines -> 200 3.5ms
2026-05-21 17:18:42,343 INFO [omni9.api] GET /v1/sites/main_site/impact -> 200 5.4ms
2026-05-21 17:18:44,974 INFO [omni9.api] GET /v1/app/bootstrap -> 200 0.6ms
2026-05-21 17:18:45,285 INFO [omni9.api] GET /v1/sites/main_site/machines -> 200 3.0ms
2026-05-21 17:18:45,286 INFO [omni9.api] GET /v1/sites/main_site/actions -> 200 4.1ms
2026-05-21 17:18:45,287 INFO [omni9.api] GET /v1/sites/main_site/impact -> 200 4.1ms
2026-05-21 17:18:45,289 INFO [omni9.api] GET /v1/sites/main_site/alerts -> 200 4.5ms
2026-05-21 17:18:47,974 INFO [omni9.api] GET /v1/app/bootstrap -> 200 0.6ms
2026-05-21 17:18:48,294 INFO [omni9.api] GET /v1/sites/main_site/alerts -> 200 1.2ms
2026-05-21 17:18:48,295 INFO [omni9.api] GET /v1/sites/main_site/impact -> 200 2.6ms
2026-05-21 17:18:48,296 INFO [omni9.api] GET /v1/sites/main_site/machines -> 200 4.2ms
2026-05-21 17:18:48,297 INFO [omni9.api] GET /v1/sites/main_site/actions -> 200 4.5ms
2026-05-21 17:18:50,975 INFO [omni9.api] GET /v1/app/bootstrap -> 200 0.6ms
2026-05-21 17:18:51,289 INFO [omni9.api] GET /v1/sites/main_site/machines -> 200 2.4ms
2026-05-21 17:18:51,298 INFO [omni9.api] GET /v1/sites/main_site/actions -> 200 10.2ms
2026-05-21 17:18:51,299 INFO [omni9.api] GET /v1/sites/main_site/alerts -> 200 10.4ms
2026-05-21 17:18:51,300 INFO [omni9.api] GET /v1/sites/main_site/impact -> 200 12.1ms
2026-05-21 17:18:53,976 INFO [omni9.api] GET /v1/app/bootstrap -> 200 1.1ms
2026-05-21 17:18:54,297 INFO [omni9.api] GET /v1/sites/main_site/actions -> 200 8.7ms
2026-05-21 17:18:54,299 INFO [omni9.api] GET /v1/sites/main_site/machines -> 200 10.9ms
2026-05-21 17:18:54,300 INFO [omni9.api] GET /v1/sites/main_site/impact -> 200 11.6ms
2026-05-21 17:18:54,301 INFO [omni9.api] GET /v1/sites/main_site/alerts -> 200 10.7ms
2026-05-21 17:18:56,978 INFO [omni9.api] GET /v1/app/bootstrap -> 200 0.9ms
2026-05-21 17:18:57,292 INFO [omni9.api] GET /v1/sites/main_site/alerts -> 200 1.6ms
2026-05-21 17:18:57,293 INFO [omni9.api] GET /v1/sites/main_site/impact -> 200 3.3ms
2026-05-21 17:18:57,294 INFO [omni9.api] GET /v1/sites/main_site/actions -> 200 4.5ms
2026-05-21 17:18:57,301 INFO [omni9.api] GET /v1/sites/main_site/machines -> 200 11.6ms
2026-05-21 17:18:59,975 INFO [omni9.api] GET /v1/app/bootstrap -> 200 0.8ms
2026-05-21 17:19:00,285 INFO [omni9.api] GET /v1/sites/main_site/machines -> 200 2.5ms
2026-05-21 17:19:00,287 INFO [omni9.api] GET /v1/sites/main_site/actions -> 200 3.1ms
2026-05-21 17:19:00,295 INFO [omni9.api] GET /v1/sites/main_site/impact -> 200 10.2ms
2026-05-21 17:19:00,298 INFO [omni9.api] GET /v1/sites/main_site/alerts -> 200 13.5ms
2026-05-21 17:19:02,977 INFO [omni9.api] GET /v1/app/bootstrap -> 200 1.0ms
2026-05-21 17:19:03,303 INFO [omni9.api] GET /v1/sites/main_site/alerts -> 200 2.1ms
2026-05-21 17:19:03,304 INFO [omni9.api] GET /v1/sites/main_site/actions -> 200 3.6ms
2026-05-21 17:19:03,305 INFO [omni9.api] GET /v1/sites/main_site/impact -> 200 4.5ms
2026-05-21 17:19:03,306 INFO [omni9.api] GET /v1/sites/main_site/machines -> 200 6.1ms
2026-05-21 17:19:05,976 INFO [omni9.api] GET /v1/app/bootstrap -> 200 1.0ms
2026-05-21 17:19:06,296 INFO [omni9.api] GET /v1/sites/main_site/machines -> 200 8.3ms
2026-05-21 17:19:06,298 INFO [omni9.api] GET /v1/sites/main_site/actions -> 200 10.5ms
2026-05-21 17:19:06,300 INFO [omni9.api] GET /v1/sites/main_site/alerts -> 200 11.8ms
2026-05-21 17:19:06,302 INFO [omni9.api] GET /v1/sites/main_site/impact -> 200 13.1ms
2026-05-21 17:19:08,975 INFO [omni9.api] GET /v1/app/bootstrap -> 200 0.8ms
2026-05-21 17:19:09,288 INFO [omni9.api] GET /v1/sites/main_site/actions -> 200 2.2ms
2026-05-21 17:19:09,297 INFO [omni9.api] GET /v1/sites/main_site/machines -> 200 11.9ms
2026-05-21 17:19:09,298 INFO [omni9.api] GET /v1/sites/main_site/impact -> 200 12.1ms
2026-05-21 17:19:09,299 INFO [omni9.api] GET /v1/sites/main_site/alerts -> 200 13.3ms
2026-05-21 17:19:11,975 INFO [omni9.api] GET /v1/app/bootstrap -> 200 0.9ms
2026-05-21 17:19:12,287 INFO [omni9.api] GET /v1/sites/main_site/alerts -> 200 1.3ms
2026-05-21 17:19:12,294 INFO [omni9.api] GET /v1/sites/main_site/machines -> 200 9.9ms
2026-05-21 17:19:12,295 INFO [omni9.api] GET /v1/sites/main_site/impact -> 200 10.1ms
2026-05-21 17:19:12,296 INFO [omni9.api] GET /v1/sites/main_site/actions -> 200 11.1ms
2026-05-21 17:19:14,980 INFO [omni9.api] GET /v1/app/bootstrap -> 200 0.8ms
2026-05-21 17:19:15,292 INFO [omni9.api] GET /v1/sites/main_site/machines -> 200 2.4ms
2026-05-21 17:19:15,297 INFO [omni9.api] GET /v1/sites/main_site/actions -> 200 0.9ms
2026-05-21 17:19:15,300 INFO [omni9.api] GET /v1/sites/main_site/impact -> 200 1.0ms
2026-05-21 17:19:15,302 INFO [omni9.api] GET /v1/sites/main_site/alerts -> 200 0.9ms
2026-05-21 17:19:17,975 INFO [omni9.api] GET /v1/app/bootstrap -> 200 0.9ms
2026-05-21 17:19:18,285 INFO [omni9.api] GET /v1/sites/main_site/machines -> 200 1.5ms
2026-05-21 17:19:18,290 INFO [omni9.api] GET /v1/sites/main_site/alerts -> 200 1.5ms
2026-05-21 17:19:18,301 INFO [omni9.api] GET /v1/sites/main_site/actions -> 200 12.7ms
2026-05-21 17:19:18,302 INFO [omni9.api] GET /v1/sites/main_site/impact -> 200 13.4ms
